<?xml version="1.0" encoding="UTF-8"?>
<!-- Generated by org.testng.reporters.JUnitXMLReporter -->
<testsuite ignored="0" hostname="DESKTOP-VLL4BOI" failures="0" tests="2" name="Default test" time="103.977" errors="0" timestamp="2024-06-05T17:30:45 IST">
  <testcase classname="mobileResponsiveWhite.MobileResponsivness" name="mobileResponsiveCmLBS" time="40.091"/>
  <testcase classname="mobileResponsiveWhite.MobileResponsivness" name="mobileResponsiveFtKG" time="39.447"/>
</testsuite> <!-- Default test -->
