<?xml version="1.0" encoding="UTF-8"?>
<testng-results ignored="0" total="2" passed="2" failed="0" skipped="0">
  <reporter-output>
  </reporter-output>
  <suite started-at="2024-05-21T18:00:11 IST" name="Default suite" finished-at="2024-05-21T18:02:06 IST" duration-ms="115120">
    <groups>
    </groups>
    <test started-at="2024-05-21T18:00:11 IST" name="Default test" finished-at="2024-05-21T18:02:06 IST" duration-ms="115120">
      <class name="mobileResponsiveWhite.MobileResponsivness">
        <test-method is-config="true" signature="siteSearch()[pri:0, instance:mobileResponsiveWhite.MobileResponsivness@9f116cc]" started-at="2024-05-21T18:00:11 IST" name="siteSearch" finished-at="2024-05-21T18:00:26 IST" duration-ms="15706" status="PASS">
          <reporter-output>
          </reporter-output>
        </test-method> <!-- siteSearch -->
        <test-method signature="mobileResponsiveCmLBS()[pri:1, instance:mobileResponsiveWhite.MobileResponsivness@9f116cc]" started-at="2024-05-21T18:00:26 IST" name="mobileResponsiveCmLBS" finished-at="2024-05-21T18:01:08 IST" duration-ms="41962" status="PASS">
          <reporter-output>
          </reporter-output>
        </test-method> <!-- mobileResponsiveCmLBS -->
        <test-method is-config="true" signature="tearDown()[pri:0, instance:mobileResponsiveWhite.MobileResponsivness@9f116cc]" started-at="2024-05-21T18:01:08 IST" name="tearDown" finished-at="2024-05-21T18:01:09 IST" duration-ms="631" status="PASS">
          <reporter-output>
          </reporter-output>
        </test-method> <!-- tearDown -->
        <test-method is-config="true" signature="siteSearch()[pri:0, instance:mobileResponsiveWhite.MobileResponsivness@9f116cc]" started-at="2024-05-21T18:01:09 IST" name="siteSearch" finished-at="2024-05-21T18:01:22 IST" duration-ms="13558" status="PASS">
          <reporter-output>
          </reporter-output>
        </test-method> <!-- siteSearch -->
        <test-method signature="mobileResponsiveFtKG()[pri:2, instance:mobileResponsiveWhite.MobileResponsivness@9f116cc]" started-at="2024-05-21T18:01:22 IST" name="mobileResponsiveFtKG" finished-at="2024-05-21T18:02:05 IST" duration-ms="42641" status="PASS">
          <reporter-output>
          </reporter-output>
        </test-method> <!-- mobileResponsiveFtKG -->
        <test-method is-config="true" signature="tearDown()[pri:0, instance:mobileResponsiveWhite.MobileResponsivness@9f116cc]" started-at="2024-05-21T18:02:05 IST" name="tearDown" finished-at="2024-05-21T18:02:06 IST" duration-ms="574" status="PASS">
          <reporter-output>
          </reporter-output>
        </test-method> <!-- tearDown -->
      </class> <!-- mobileResponsiveWhite.MobileResponsivness -->
    </test> <!-- Default test -->
  </suite> <!-- Default suite -->
</testng-results>
