<?xml version="1.0" encoding="UTF-8"?>
<testng-results ignored="0" total="1" passed="1" failed="0" skipped="0">
  <reporter-output>
  </reporter-output>
  <suite started-at="2024-06-17T17:51:55 IST" name="Default suite" finished-at="2024-06-17T17:52:22 IST" duration-ms="27450">
    <groups>
    </groups>
    <test started-at="2024-06-17T17:51:55 IST" name="Default test" finished-at="2024-06-17T17:52:22 IST" duration-ms="27450">
      <class name="iOSSafari.whiteReponsive">
        <test-method signature="safariTest()[pri:0, instance:iOSSafari.whiteReponsive@3eb7fc54]" started-at="2024-06-17T17:51:55 IST" name="safariTest" finished-at="2024-06-17T17:52:22 IST" duration-ms="27430" status="PASS">
          <reporter-output>
          </reporter-output>
        </test-method> <!-- safariTest -->
      </class> <!-- iOSSafari.whiteReponsive -->
    </test> <!-- Default test -->
  </suite> <!-- Default suite -->
</testng-results>
